<?xml version="1.0" encoding="UTF-8"?>
<!-- Generated by org.testng.reporters.JUnitReportReporter -->
<testsuite hostname="Kittu" failures="0" tests="1" name="org.Maven_Project.First_project_Maven.RemoveItem" time="19.510" errors="0" timestamp="22 Jul 2023 13:16:03 GMT" skipped="0">
  <testcase classname="org.Maven_Project.First_project_Maven.RemoveItem" name="RemoveItemTest" time="19.510"/>
</testsuite> <!-- org.Maven_Project.First_project_Maven.RemoveItem -->
